<?xml version="1.0" encoding="UTF-8"?>
<!-- Generated by org.testng.reporters.JUnitXMLReporter -->
<testsuite hostname="L7JVZXC2" ignored="0" name="Default test" tests="9" failures="0" timestamp="04 Aug 2018 17:55:08 GMT" time="0.796" errors="0">
  <testcase name="getTradeData" time="0.016" classname="ExcelCopy.DriverExcel"/>
  <testcase name="getTradeData" time="0.0" classname="ExcelCopy.DriverExcel"/>
  <testcase name="getTradeData" time="0.015" classname="ExcelCopy.DriverExcel"/>
  <testcase name="getTradeData" time="0.0" classname="ExcelCopy.DriverExcel"/>
  <testcase name="getTradeData" time="0.0" classname="ExcelCopy.DriverExcel"/>
  <testcase name="getTradeData" time="0.0" classname="ExcelCopy.DriverExcel"/>
  <testcase name="getTradeData" time="0.0" classname="ExcelCopy.DriverExcel"/>
  <testcase name="getTradeData" time="0.0" classname="ExcelCopy.DriverExcel"/>
  <testcase name="getTradeData" time="0.0" classname="ExcelCopy.DriverExcel"/>
</testsuite> <!-- Default test -->
