<?xml version="1.0" encoding="UTF-8"?>
<!-- Generated by org.testng.reporters.JUnitXMLReporter -->
<testsuite hostname="L7JVZXC2" ignored="0" name="Test" tests="9" failures="0" timestamp="29 Mar 2018 14:37:57 GMT" time="1.845" errors="0">
  <testcase name="getTradeData" time="0.027" classname="ExcelLib.DriverExcel"/>
  <testcase name="getTradeData" time="0.001" classname="ExcelLib.DriverExcel"/>
  <testcase name="getTradeData" time="0.005" classname="ExcelLib.DriverExcel"/>
  <testcase name="getTradeData" time="0.004" classname="ExcelLib.DriverExcel"/>
  <testcase name="getTradeData" time="0.002" classname="ExcelLib.DriverExcel"/>
  <testcase name="getTradeData" time="0.002" classname="ExcelLib.DriverExcel"/>
  <testcase name="getTradeData" time="0.003" classname="ExcelLib.DriverExcel"/>
  <testcase name="getTradeData" time="0.002" classname="ExcelLib.DriverExcel"/>
  <testcase name="getTradeData" time="0.001" classname="ExcelLib.DriverExcel"/>
</testsuite> <!-- Test -->
